14:28:18.700 skipping bootstrap configuration: could not find or read file: classpath:karate-config.js
14:28:19.491 request:
1 > GET https://gorest.co.in/public/v1/users/894356
1 > Accept-Encoding: gzip,deflate
1 > Connection: Keep-Alive
1 > Host: gorest.co.in
1 > User-Agent: Apache-HttpClient/4.5.12 (Java/1.8.0_362)

14:28:20.290 response time in milliseconds: 796.83
1 < 404
1 < CF-Cache-Status: DYNAMIC
1 < CF-RAY: 7b8b39d30cd4860c-BOM
1 < Cache-Control: no-cache
1 < Connection: keep-alive
1 < Content-Type: application/json; charset=utf-8
1 < Date: Sun, 16 Apr 2023 08:58:20 GMT
1 < NEL: {"success_fraction":0,"report_to":"cf-nel","max_age":604800}
1 < Report-To: {"endpoints":[{"url":"https:\/\/a.nel.cloudflare.com\/report\/v3?s=4OMO6ZLzMFz1ZLNcvMHLegefQZm%2B6%2FwLXloJDTj9pouGvDWP%2F6wlBBw2SaDmmcNe7LCW6zrFYe9YVINjZyLtO%2B87Dg3TgDiXeys6Y%2BGVto%2Bra6aD%2FtmJBNdKokFPD%2FA%3D"}],"group":"cf-nel","max_age":604800}
1 < Server: cloudflare
1 < Transfer-Encoding: chunked
1 < alt-svc: h3=":443"; ma=86400, h3-29=":443"; ma=86400
1 < referrer-policy: strict-origin-when-cross-origin
1 < vary: Origin
1 < x-content-type-options: nosniff
1 < x-download-options: noopen
1 < x-frame-options: SAMEORIGIN
1 < x-permitted-cross-domain-policies: none
1 < x-request-id: 1845e952-caea-4a0e-8db8-67088c642f27
1 < x-runtime: 0.022902
1 < x-xss-protection: 0
{"meta":null,"data":{"message":"Resource not found"}}

14:28:20.330 status code was: 404, expected: 200, response time: 797, url: https://gorest.co.in/public/v1/users/894356, response: {"data":{"message":"Resource not found"},"meta":null}
14:28:20.340 skipping bootstrap configuration: could not find or read file: classpath:karate-config.js
14:28:20.345 request:
1 > GET https://gorest.co.in/public/v1/users/01
1 > Accept-Encoding: gzip,deflate
1 > Connection: Keep-Alive
1 > Host: gorest.co.in
1 > User-Agent: Apache-HttpClient/4.5.12 (Java/1.8.0_362)

14:28:20.546 response time in milliseconds: 198.44
1 < 404
1 < CF-Cache-Status: DYNAMIC
1 < CF-RAY: 7b8b39d4bf368492-BOM
1 < Cache-Control: no-cache
1 < Connection: keep-alive
1 < Content-Type: application/json; charset=utf-8
1 < Date: Sun, 16 Apr 2023 08:58:20 GMT
1 < NEL: {"success_fraction":0,"report_to":"cf-nel","max_age":604800}
1 < Report-To: {"endpoints":[{"url":"https:\/\/a.nel.cloudflare.com\/report\/v3?s=qQQ3qeyGeiEvq%2BUfkvM72%2FLDsHyF5u3f%2FGcqwYxYXIVptBr%2BnLIv4MyFXs1G3g1GL9UFYhSZiAsaINR%2BfkkCO5CEKkKZwtPedUIgoL8WCvoZ9x1eXGKYPFoNFGe9f2o%3D"}],"group":"cf-nel","max_age":604800}
1 < Server: cloudflare
1 < Transfer-Encoding: chunked
1 < alt-svc: h3=":443"; ma=86400, h3-29=":443"; ma=86400
1 < referrer-policy: strict-origin-when-cross-origin
1 < vary: Origin
1 < x-content-type-options: nosniff
1 < x-download-options: noopen
1 < x-frame-options: SAMEORIGIN
1 < x-permitted-cross-domain-policies: none
1 < x-request-id: 0622d555-a640-4626-9010-aa8509335b1a
1 < x-runtime: 0.018032
1 < x-xss-protection: 0
{"meta":null,"data":{"message":"Resource not found"}}



